[debug] [2021-02-11T05:06:54.060Z] ----------------------------------------------------------------------
[debug] [2021-02-11T05:06:54.062Z] Command:       /home/sainyi/.nvm/versions/node/v10.18.0/bin/node /home/sainyi/.nvm/versions/node/v10.18.0/bin/firebase deploy
[debug] [2021-02-11T05:06:54.062Z] CLI Version:   9.1.0
[debug] [2021-02-11T05:06:54.062Z] Platform:      linux
[debug] [2021-02-11T05:06:54.063Z] Node Version:  v10.18.0
[debug] [2021-02-11T05:06:54.063Z] Time:          Thu Feb 11 2021 11:36:54 GMT+0630 (Myanmar Time)
[debug] [2021-02-11T05:06:54.063Z] ----------------------------------------------------------------------
[debug] [2021-02-11T05:06:54.063Z] 
[debug] [2021-02-11T05:06:54.064Z] >>> [apiv2][query] GET https://firebase-public.firebaseio.com/cli.json [none]
[debug] [2021-02-11T05:06:54.080Z] > command requires scopes: ["email","openid","https://www.googleapis.com/auth/cloudplatformprojects.readonly","https://www.googleapis.com/auth/firebase","https://www.googleapis.com/auth/cloud-platform"]
[debug] [2021-02-11T05:06:54.080Z] > authorizing via signed-in user
[debug] [2021-02-11T05:06:54.080Z] [iam] checking project web-messenger-sainyi-068390 for permissions ["firebase.projects.get","firebasehosting.sites.update"]
[debug] [2021-02-11T05:06:54.082Z] >>> HTTP REQUEST POST https://cloudresourcemanager.googleapis.com/v1/projects/web-messenger-sainyi-068390:testIamPermissions  
 {"permissions":["firebase.projects.get","firebasehosting.sites.update"]}
[debug] [2021-02-11T05:06:54.230Z] [iam] error while checking permissions, command may fail: FirebaseError: Server Error. getaddrinfo EAI_AGAIN cloudresourcemanager.googleapis.com cloudresourcemanager.googleapis.com:443
[debug] [2021-02-11T05:06:54.232Z] >>> HTTP REQUEST GET https://firebase.googleapis.com/v1beta1/projects/web-messenger-sainyi-068390  
 
[debug] [2021-02-11T05:06:55.040Z] <<< HTTP RESPONSE 200 {"content-type":"application/json; charset=UTF-8","vary":"X-Origin, Referer, Origin,Accept-Encoding","date":"Thu, 11 Feb 2021 05:06:54 GMT","server":"ESF","cache-control":"private","x-xss-protection":"0","x-frame-options":"SAMEORIGIN","x-content-type-options":"nosniff","alt-svc":"h3-29=\":443\"; ma=2592000,h3-T051=\":443\"; ma=2592000,h3-Q050=\":443\"; ma=2592000,h3-Q046=\":443\"; ma=2592000,h3-Q043=\":443\"; ma=2592000,quic=\":443\"; ma=2592000; v=\"46,43\"","accept-ranges":"none","transfer-encoding":"chunked"}
[info] 
[info] === Deploying to 'web-messenger-sainyi-068390'...
[info] 
[info] i  deploying hosting 
[debug] [2021-02-11T05:06:55.043Z] >>> HTTP REQUEST POST https://firebasehosting.googleapis.com/v1beta1/sites/web-messenger-sainyi-068390/versions  
 {"config":{"rewrites":[{"glob":"**","path":"/index.html"}]},"labels":{"deployment-tool":"cli-firebase"}}
[debug] [2021-02-11T05:06:55.652Z] Error: getaddrinfo EAI_AGAIN firebasehosting.googleapis.com firebasehosting.googleapis.com:443
    at GetAddrInfoReqWrap.onlookup [as oncomplete] (dns.js:56:26)
[error] 
[error] Error: Server Error. getaddrinfo EAI_AGAIN firebasehosting.googleapis.com firebasehosting.googleapis.com:443
[debug] [2021-02-11T05:07:07.489Z] ----------------------------------------------------------------------
[debug] [2021-02-11T05:07:07.491Z] Command:       /home/sainyi/.nvm/versions/node/v10.18.0/bin/node /home/sainyi/.nvm/versions/node/v10.18.0/bin/firebase deploy
[debug] [2021-02-11T05:07:07.491Z] CLI Version:   9.1.0
[debug] [2021-02-11T05:07:07.491Z] Platform:      linux
[debug] [2021-02-11T05:07:07.491Z] Node Version:  v10.18.0
[debug] [2021-02-11T05:07:07.491Z] Time:          Thu Feb 11 2021 11:37:07 GMT+0630 (Myanmar Time)
[debug] [2021-02-11T05:07:07.491Z] ----------------------------------------------------------------------
[debug] [2021-02-11T05:07:07.491Z] 
[debug] [2021-02-11T05:07:07.493Z] >>> [apiv2][query] GET https://firebase-public.firebaseio.com/cli.json [none]
[debug] [2021-02-11T05:07:07.508Z] > command requires scopes: ["email","openid","https://www.googleapis.com/auth/cloudplatformprojects.readonly","https://www.googleapis.com/auth/firebase","https://www.googleapis.com/auth/cloud-platform"]
[debug] [2021-02-11T05:07:07.508Z] > authorizing via signed-in user
[debug] [2021-02-11T05:07:07.508Z] [iam] checking project web-messenger-sainyi-068390 for permissions ["firebase.projects.get","firebasehosting.sites.update"]
[debug] [2021-02-11T05:07:07.509Z] >>> HTTP REQUEST POST https://cloudresourcemanager.googleapis.com/v1/projects/web-messenger-sainyi-068390:testIamPermissions  
 {"permissions":["firebase.projects.get","firebasehosting.sites.update"]}
[debug] [2021-02-11T05:07:07.599Z] [iam] error while checking permissions, command may fail: FirebaseError: Server Error. getaddrinfo EAI_AGAIN cloudresourcemanager.googleapis.com cloudresourcemanager.googleapis.com:443
[debug] [2021-02-11T05:07:07.601Z] >>> HTTP REQUEST GET https://firebase.googleapis.com/v1beta1/projects/web-messenger-sainyi-068390  
 
[debug] [2021-02-11T05:07:08.250Z] <<< HTTP RESPONSE 200 {"content-type":"application/json; charset=UTF-8","vary":"X-Origin, Referer, Origin,Accept-Encoding","date":"Thu, 11 Feb 2021 05:07:08 GMT","server":"ESF","cache-control":"private","x-xss-protection":"0","x-frame-options":"SAMEORIGIN","x-content-type-options":"nosniff","alt-svc":"h3-29=\":443\"; ma=2592000,h3-T051=\":443\"; ma=2592000,h3-Q050=\":443\"; ma=2592000,h3-Q046=\":443\"; ma=2592000,h3-Q043=\":443\"; ma=2592000,quic=\":443\"; ma=2592000; v=\"46,43\"","accept-ranges":"none","transfer-encoding":"chunked"}
[info] 
[info] === Deploying to 'web-messenger-sainyi-068390'...
[info] 
[info] i  deploying hosting 
[debug] [2021-02-11T05:07:08.253Z] >>> HTTP REQUEST POST https://firebasehosting.googleapis.com/v1beta1/sites/web-messenger-sainyi-068390/versions  
 {"config":{"rewrites":[{"glob":"**","path":"/index.html"}]},"labels":{"deployment-tool":"cli-firebase"}}
[debug] [2021-02-11T05:07:08.820Z] Error: getaddrinfo EAI_AGAIN firebasehosting.googleapis.com firebasehosting.googleapis.com:443
    at GetAddrInfoReqWrap.onlookup [as oncomplete] (dns.js:56:26)
[error] 
[error] Error: Server Error. getaddrinfo EAI_AGAIN firebasehosting.googleapis.com firebasehosting.googleapis.com:443
