[debug] [2021-02-06T15:54:38.489Z] ----------------------------------------------------------------------
[debug] [2021-02-06T15:54:38.491Z] Command:       /home/sainyi/.nvm/versions/node/v10.18.0/bin/node /home/sainyi/.nvm/versions/node/v10.18.0/bin/firebase init
[debug] [2021-02-06T15:54:38.491Z] CLI Version:   9.1.0
[debug] [2021-02-06T15:54:38.491Z] Platform:      linux
[debug] [2021-02-06T15:54:38.491Z] Node Version:  v10.18.0
[debug] [2021-02-06T15:54:38.491Z] Time:          Sat Feb 06 2021 22:24:38 GMT+0630 (Myanmar Time)
[debug] [2021-02-06T15:54:38.491Z] ----------------------------------------------------------------------
[debug] [2021-02-06T15:54:38.491Z] 
[debug] [2021-02-06T15:54:38.493Z] >>> [apiv2][query] GET https://firebase-public.firebaseio.com/cli.json [none]
[debug] [2021-02-06T15:54:38.506Z] > command requires scopes: ["email","openid","https://www.googleapis.com/auth/cloudplatformprojects.readonly","https://www.googleapis.com/auth/firebase","https://www.googleapis.com/auth/cloud-platform"]
[debug] [2021-02-06T15:54:38.506Z] > authorizing via signed-in user
[info] 
     ######## #### ########  ######## ########     ###     ######  ########
     ##        ##  ##     ## ##       ##     ##  ##   ##  ##       ##
     ######    ##  ########  ######   ########  #########  ######  ######
     ##        ##  ##    ##  ##       ##     ## ##     ##       ## ##
     ##       #### ##     ## ######## ########  ##     ##  ######  ########

You're about to initialize a Firebase project in this directory:

  /home/sainyi/projects/reacts/chat

Before we get started, keep in mind:

  * You are initializing in an existing Firebase project directory

[info] 
=== Project Setup
[info] 
[info] First, let's associate this project directory with a Firebase project.
[info] You can create multiple project aliases by running firebase use --add, 
[info] but for now we'll just set up a default project.
[info] 
[info] i  .firebaserc already has a default project, using web-messenger-sainyi-068390. 
[debug] [2021-02-06T15:54:56.925Z] > refreshing access token with scopes: ["email","https://www.googleapis.com/auth/cloud-platform","https://www.googleapis.com/auth/cloudplatformprojects.readonly","https://www.googleapis.com/auth/firebase","openid"]
[debug] [2021-02-06T15:54:56.925Z] >>> HTTP REQUEST POST https://www.googleapis.com/oauth2/v3/token  
 <request body omitted>
[debug] [2021-02-06T15:54:56.930Z] Authentication Error: Your credentials are no longer valid. Please run firebase login --reauth

For CI servers and headless environments, generate a new token with firebase login:ci
[debug] [2021-02-06T15:54:56.934Z] FirebaseError: Authentication Error: Your credentials are no longer valid. Please run firebase login --reauth

For CI servers and headless environments, generate a new token with firebase login:ci
    at Object.<anonymous> (/home/sainyi/.nvm/versions/node/v10.18.0/lib/node_modules/firebase-tools/lib/auth.js:23:32)
    at Module._compile (internal/modules/cjs/loader.js:778:30)
    at Object.Module._extensions..js (internal/modules/cjs/loader.js:789:10)
    at Module.load (internal/modules/cjs/loader.js:653:32)
    at tryModuleLoad (internal/modules/cjs/loader.js:593:12)
    at Function.Module._load (internal/modules/cjs/loader.js:585:3)
    at Module.require (internal/modules/cjs/loader.js:692:17)
    at require (internal/modules/cjs/helpers.js:25:18)
    at Object.<anonymous> (/home/sainyi/.nvm/versions/node/v10.18.0/lib/node_modules/firebase-tools/lib/init/features/hosting/github.js:11:16)
    at Module._compile (internal/modules/cjs/loader.js:778:30)
    at Object.Module._extensions..js (internal/modules/cjs/loader.js:789:10)
    at Module.load (internal/modules/cjs/loader.js:653:32)
    at tryModuleLoad (internal/modules/cjs/loader.js:593:12)
    at Function.Module._load (internal/modules/cjs/loader.js:585:3)
    at Module.require (internal/modules/cjs/loader.js:692:17)
    at require (internal/modules/cjs/helpers.js:25:18)
[error] 
[error] Error: Failed to get Firebase project web-messenger-sainyi-068390. Please make sure the project exists and your account has permission to access it.
